<?xml version="1.0" encoding="UTF-8"?>
<Site BuildName="Darwin-clang++"
	BuildStamp="20240329-1748-Experimental"
	Name="Allens-MacBook-Pro.local"
	Generator="ctest-3.29.0"
	CompilerName="/usr/bin/clang++"
	CompilerVersion="14.0.0.14000029"
	OSName="macOS"
	Hostname="Allens-MacBook-Pro.local"
	OSRelease="12.7.3"
	OSVersion="21H1015"
	OSPlatform="x86_64"
	Is64Bits="1"
	VendorString="GenuineIntel"
	VendorID="Intel Corporation"
	FamilyID="6"
	ModelID="70"
	ProcessorCacheSize="32768"
	NumberOfLogicalCPU="8"
	NumberOfPhysicalCPU="4"
	TotalVirtualMemory="2048"
	TotalPhysicalMemory="16384"
	LogicalProcessorsPerPhysical="8"
	ProcessorClockFrequency="2200"
	>
	<Testing>
		<StartDateTime>Mar 29 19:19 EDT</StartDateTime>
		<StartTestTime>1711754356</StartTestTime>
		<TestList/>
		<EndDateTime>Mar 29 19:19 EDT</EndDateTime>
		<EndTestTime>1711754356</EndTestTime>
		<ElapsedMinutes>0</ElapsedMinutes>
	</Testing>
</Site>
